<?xml version="1.0" encoding="UTF-8"?>
<!-- Generated by org.testng.reporters.JUnitXMLReporter -->
<testsuite ignored="0" hostname="LAPTOP-AP7814U4" failures="0" tests="3" name="Default test" time="2.846" errors="0" timestamp="2022-11-27T20:41:52 IST">
  <testcase classname="Testng.TestFrames" name="TestLaunchFrames" time="1.049"/>
  <testcase classname="Testng.TestFrames" name="TestFramesInPage" time="0.016"/>
  <testcase classname="Testng.TestFrames" name="TestFrameNavigation" time="0.229"/>
</testsuite> <!-- Default test -->
