<?xml version="1.0" encoding="UTF-8"?>
<!-- Generated by org.testng.reporters.JUnitXMLReporter -->
<testsuite ignored="0" hostname="LAPTOP-AP7814U4" failures="0" tests="3" name="TestFrames" time="2.906" errors="0" timestamp="2022-11-27T20:42:03 IST">
  <testcase classname="Testng.TestFrames" name="TestLaunchFrames" time="1.269"/>
  <testcase classname="Testng.TestFrames" name="TestFramesInPage" time="0.013"/>
  <testcase classname="Testng.TestFrames" name="TestFrameNavigation" time="0.198"/>
</testsuite> <!-- TestFrames -->
