<?xml version="1.0" encoding="UTF-8"?>
<!-- Generated by org.testng.reporters.JUnitXMLReporter -->
<testsuite ignored="0" hostname="LAPTOP-AP7814U4" failures="0" tests="3" name="TestFrames" time="4.427" errors="0" timestamp="2022-11-29T15:28:18 IST">
  <testcase classname="Testng.TestFrames" name="TestLaunchFrames" time="2.054"/>
  <testcase classname="Testng.TestFrames" name="TestFramesInPage" time="0.022"/>
  <testcase classname="Testng.TestFrames" name="TestFrameNavigation" time="0.509"/>
</testsuite> <!-- TestFrames -->
